2024-05-09 08:42:46.432  INFO 21276 --- [main] py.com.kytech.mcs.kytech.Application     : Starting Application using Java 11.0.16.1 on DESKTOP-MC6157D with PID 21276 (C:\Users\Juan Barrios\Documents\repository\mcs-kytech\target\classes started by Juan Barrios in C:\Users\Juan Barrios\Documents\repository\mcs-kytech)
2024-05-09 08:42:46.450 DEBUG 21276 --- [main] py.com.kytech.mcs.kytech.Application     : Running with Spring Boot v2.7.17, Spring v5.3.30
2024-05-09 08:42:46.453  INFO 21276 --- [main] py.com.kytech.mcs.kytech.Application     : No active profile set, falling back to 1 default profile: "default"
2024-05-09 08:42:48.869  INFO 21276 --- [main] .s.d.r.c.RepositoryConfigurationDelegate : Bootstrapping Spring Data JDBC repositories in DEFAULT mode.
2024-05-09 08:42:48.915  INFO 21276 --- [main] .s.d.r.c.RepositoryConfigurationDelegate : Finished Spring Data repository scanning in 36 ms. Found 0 JDBC repository interfaces.
2024-05-09 08:42:50.424  INFO 21276 --- [main] o.s.b.w.embedded.tomcat.TomcatWebServer  : Tomcat initialized with port(s): 8081 (http)
2024-05-09 08:42:50.444  INFO 21276 --- [main] o.apache.catalina.core.StandardService   : Starting service [Tomcat]
2024-05-09 08:42:50.445  INFO 21276 --- [main] org.apache.catalina.core.StandardEngine  : Starting Servlet engine: [Apache Tomcat/9.0.82]
2024-05-09 08:42:50.886  INFO 21276 --- [main] o.a.c.c.C.[.[localhost].[/mcs.kytech]    : Initializing Spring embedded WebApplicationContext
2024-05-09 08:42:50.887  INFO 21276 --- [main] w.s.c.ServletWebServerApplicationContext : Root WebApplicationContext: initialization completed in 4317 ms
2024-05-09 08:42:51.088  INFO 21276 --- [main] com.zaxxer.hikari.HikariDataSource       : HikariPool-1 - Starting...
2024-05-09 08:42:51.535  INFO 21276 --- [main] com.zaxxer.hikari.HikariDataSource       : HikariPool-1 - Start completed.
2024-05-09 08:42:57.400  INFO 21276 --- [main] o.s.b.w.embedded.tomcat.TomcatWebServer  : Tomcat started on port(s): 8081 (http) with context path '/mcs.kytech'
2024-05-09 08:42:57.507  INFO 21276 --- [main] py.com.kytech.mcs.kytech.Application     : Started Application in 12.003 seconds (JVM running for 15.148)
2024-05-09 09:13:46.691  INFO 21276 --- [http-nio-8081-exec-1] o.a.c.c.C.[.[localhost].[/mcs.kytech]    : Initializing Spring DispatcherServlet 'dispatcherServlet'
2024-05-09 09:13:46.700  INFO 21276 --- [http-nio-8081-exec-1] o.s.web.servlet.DispatcherServlet        : Initializing Servlet 'dispatcherServlet'
2024-05-09 09:13:46.840  INFO 21276 --- [http-nio-8081-exec-1] o.s.web.servlet.DispatcherServlet        : Completed initialization in 139 ms
2024-05-09 09:22:02.666  INFO 21276 --- [http-nio-8081-exec-8] p.c.k.m.kytech.service.AuthServiceImpl   : logId=b4dab454-f40b-42b9-ab77-cb62ac9c4a03,message=login: Starting login document=,data=5436554
2024-05-09 09:22:02.668 DEBUG 21276 --- [http-nio-8081-exec-8] p.c.k.m.kytech.service.AuthServiceImpl   : logId=b4dab454-f40b-42b9-ab77-cb62ac9c4a03,message=login: Before getting user with document,data=5436554
2024-05-09 09:22:02.687 DEBUG 21276 --- [http-nio-8081-exec-8] p.c.k.m.kytech.service.AuthServiceImpl   : logId=b4dab454-f40b-42b9-ab77-cb62ac9c4a03,message=login: After getting user with document,data=UserDTO{id=1, name='Juan Marcelo', document='5436554', birthDate=1999-06-24, lastName='Barrios Rivas', role='admin', isActive='S'}
2024-05-09 09:22:02.848 DEBUG 21276 --- [http-nio-8081-exec-8] p.c.k.m.kytech.service.AuthServiceImpl   : logId=b4dab454-f40b-42b9-ab77-cb62ac9c4a03,message=login: Before generating jwt,data=false
2024-05-09 09:22:02.893  INFO 21276 --- [http-nio-8081-exec-8] p.c.k.m.kytech.service.AuthServiceImpl   : logId=b4dab454-f40b-42b9-ab77-cb62ac9c4a03,message=login: After generating jwt,data=true
2024-05-09 10:23:20.469  INFO 21276 --- [SpringApplicationShutdownHook] com.zaxxer.hikari.HikariDataSource       : HikariPool-1 - Shutdown initiated...
2024-05-09 10:23:20.477  INFO 21276 --- [SpringApplicationShutdownHook] com.zaxxer.hikari.HikariDataSource       : HikariPool-1 - Shutdown completed.
2024-05-09 10:32:06.251  INFO 10404 --- [main] py.com.kytech.mcs.kytech.Application     : Starting Application using Java 11.0.16.1 on DESKTOP-MC6157D with PID 10404 (C:\Users\Juan Barrios\Documents\repository\mcs-kytech\target\classes started by Juan Barrios in C:\Users\Juan Barrios\Documents\repository\mcs-kytech)
2024-05-09 10:32:06.255 DEBUG 10404 --- [main] py.com.kytech.mcs.kytech.Application     : Running with Spring Boot v2.7.17, Spring v5.3.30
2024-05-09 10:32:06.256  INFO 10404 --- [main] py.com.kytech.mcs.kytech.Application     : No active profile set, falling back to 1 default profile: "default"
2024-05-09 10:32:07.806  INFO 10404 --- [main] .s.d.r.c.RepositoryConfigurationDelegate : Bootstrapping Spring Data JDBC repositories in DEFAULT mode.
2024-05-09 10:32:07.843  INFO 10404 --- [main] .s.d.r.c.RepositoryConfigurationDelegate : Finished Spring Data repository scanning in 28 ms. Found 0 JDBC repository interfaces.
2024-05-09 10:32:08.582  INFO 10404 --- [main] o.s.b.w.embedded.tomcat.TomcatWebServer  : Tomcat initialized with port(s): 8081 (http)
2024-05-09 10:32:08.596  INFO 10404 --- [main] o.apache.catalina.core.StandardService   : Starting service [Tomcat]
2024-05-09 10:32:08.596  INFO 10404 --- [main] org.apache.catalina.core.StandardEngine  : Starting Servlet engine: [Apache Tomcat/9.0.82]
2024-05-09 10:32:08.777  INFO 10404 --- [main] o.a.c.c.C.[.[localhost].[/mcs.kytech]    : Initializing Spring embedded WebApplicationContext
2024-05-09 10:32:08.777  INFO 10404 --- [main] w.s.c.ServletWebServerApplicationContext : Root WebApplicationContext: initialization completed in 2452 ms
2024-05-09 10:32:08.934  INFO 10404 --- [main] com.zaxxer.hikari.HikariDataSource       : HikariPool-1 - Starting...
2024-05-09 10:32:09.299  INFO 10404 --- [main] com.zaxxer.hikari.HikariDataSource       : HikariPool-1 - Start completed.
2024-05-09 10:32:10.775  INFO 10404 --- [main] o.s.b.w.embedded.tomcat.TomcatWebServer  : Tomcat started on port(s): 8081 (http) with context path '/mcs.kytech'
2024-05-09 10:32:10.801  INFO 10404 --- [main] py.com.kytech.mcs.kytech.Application     : Started Application in 5.309 seconds (JVM running for 7.92)
2024-05-09 10:32:32.867  INFO 10404 --- [http-nio-8081-exec-1] o.a.c.c.C.[.[localhost].[/mcs.kytech]    : Initializing Spring DispatcherServlet 'dispatcherServlet'
2024-05-09 10:32:32.868  INFO 10404 --- [http-nio-8081-exec-1] o.s.web.servlet.DispatcherServlet        : Initializing Servlet 'dispatcherServlet'
2024-05-09 10:32:32.870  INFO 10404 --- [http-nio-8081-exec-1] o.s.web.servlet.DispatcherServlet        : Completed initialization in 2 ms
2024-05-09 10:32:32.920  WARN 10404 --- [http-nio-8081-exec-2] p.c.k.m.kytech.config.InterceptorConfig  : logId=no-log-id,message=Canal incorrecto!,data=null
2024-05-09 10:32:53.495  INFO 10404 --- [http-nio-8081-exec-4] p.c.k.m.kytech.service.AuthServiceImpl   : logId=f1841357-ae4e-4a3e-8926-0b19cbf0ad31,message=login: Starting login document=,data=5436554
2024-05-09 10:32:53.496 DEBUG 10404 --- [http-nio-8081-exec-4] p.c.k.m.kytech.service.AuthServiceImpl   : logId=f1841357-ae4e-4a3e-8926-0b19cbf0ad31,message=login: Before getting user with document,data=5436554
2024-05-09 10:32:53.531 DEBUG 10404 --- [http-nio-8081-exec-4] p.c.k.m.kytech.service.AuthServiceImpl   : logId=f1841357-ae4e-4a3e-8926-0b19cbf0ad31,message=login: After getting user with document,data=UserDTO{id=1, name='Juan Marcelo', document='5436554', birthDate=1999-06-24, lastName='Barrios Rivas', role='admin', isActive='S'}
2024-05-09 10:32:53.685 DEBUG 10404 --- [http-nio-8081-exec-4] p.c.k.m.kytech.service.AuthServiceImpl   : logId=f1841357-ae4e-4a3e-8926-0b19cbf0ad31,message=login: Before generating jwt,data=false
2024-05-09 10:32:53.729  INFO 10404 --- [http-nio-8081-exec-4] p.c.k.m.kytech.service.AuthServiceImpl   : logId=f1841357-ae4e-4a3e-8926-0b19cbf0ad31,message=login: After generating jwt,data=true
2024-05-09 10:33:22.056  INFO 10404 --- [http-nio-8081-exec-2] o.springdoc.api.AbstractOpenApiResource  : Init duration for springdoc-openapi is: 320 ms
2024-05-09 11:20:43.644  INFO 10404 --- [SpringApplicationShutdownHook] com.zaxxer.hikari.HikariDataSource       : HikariPool-1 - Shutdown initiated...
2024-05-09 11:20:43.723  INFO 10404 --- [SpringApplicationShutdownHook] com.zaxxer.hikari.HikariDataSource       : HikariPool-1 - Shutdown completed.
2024-05-09 11:27:44.296  INFO 27548 --- [main] py.com.kytech.mcs.kytech.Application     : Starting Application using Java 11.0.16.1 on DESKTOP-MC6157D with PID 27548 (C:\Users\Juan Barrios\Documents\repository\mcs-kytech\target\classes started by Juan Barrios in C:\Users\Juan Barrios\Documents\repository\mcs-kytech)
2024-05-09 11:27:44.300 DEBUG 27548 --- [main] py.com.kytech.mcs.kytech.Application     : Running with Spring Boot v2.7.17, Spring v5.3.30
2024-05-09 11:27:44.301  INFO 27548 --- [main] py.com.kytech.mcs.kytech.Application     : No active profile set, falling back to 1 default profile: "default"
2024-05-09 11:27:46.756  INFO 27548 --- [main] .s.d.r.c.RepositoryConfigurationDelegate : Bootstrapping Spring Data JDBC repositories in DEFAULT mode.
2024-05-09 11:27:46.787  INFO 27548 --- [main] .s.d.r.c.RepositoryConfigurationDelegate : Finished Spring Data repository scanning in 23 ms. Found 0 JDBC repository interfaces.
2024-05-09 11:27:47.423  INFO 27548 --- [main] o.s.b.w.embedded.tomcat.TomcatWebServer  : Tomcat initialized with port(s): 8081 (http)
2024-05-09 11:27:47.436  INFO 27548 --- [main] o.apache.catalina.core.StandardService   : Starting service [Tomcat]
2024-05-09 11:27:47.437  INFO 27548 --- [main] org.apache.catalina.core.StandardEngine  : Starting Servlet engine: [Apache Tomcat/9.0.82]
2024-05-09 11:27:47.619  INFO 27548 --- [main] o.a.c.c.C.[.[localhost].[/mcs.kytech]    : Initializing Spring embedded WebApplicationContext
2024-05-09 11:27:47.619  INFO 27548 --- [main] w.s.c.ServletWebServerApplicationContext : Root WebApplicationContext: initialization completed in 3233 ms
2024-05-09 11:27:47.758  INFO 27548 --- [main] com.zaxxer.hikari.HikariDataSource       : HikariPool-1 - Starting...
2024-05-09 11:27:48.030  INFO 27548 --- [main] com.zaxxer.hikari.HikariDataSource       : HikariPool-1 - Start completed.
2024-05-09 11:27:50.037  INFO 27548 --- [main] o.s.b.a.e.web.EndpointLinksResolver      : Exposing 5 endpoint(s) beneath base path '/actuator'
2024-05-09 11:27:50.105  INFO 27548 --- [main] o.s.b.w.embedded.tomcat.TomcatWebServer  : Tomcat started on port(s): 8081 (http) with context path '/mcs.kytech'
2024-05-09 11:27:50.127  INFO 27548 --- [main] py.com.kytech.mcs.kytech.Application     : Started Application in 6.585 seconds (JVM running for 8.914)
2024-05-09 11:27:51.785  INFO 27548 --- [RMI TCP Connection(2)-172.22.176.1] com.zaxxer.hikari.HikariDataSource       : HikariPool-1 - Starting...
2024-05-09 11:27:51.787  INFO 27548 --- [RMI TCP Connection(1)-172.22.176.1] o.a.c.c.C.[.[localhost].[/mcs.kytech]    : Initializing Spring DispatcherServlet 'dispatcherServlet'
2024-05-09 11:27:51.788  INFO 27548 --- [RMI TCP Connection(1)-172.22.176.1] o.s.web.servlet.DispatcherServlet        : Initializing Servlet 'dispatcherServlet'
2024-05-09 11:27:51.790  INFO 27548 --- [RMI TCP Connection(1)-172.22.176.1] o.s.web.servlet.DispatcherServlet        : Completed initialization in 2 ms
2024-05-09 11:27:51.882  INFO 27548 --- [RMI TCP Connection(2)-172.22.176.1] com.zaxxer.hikari.HikariDataSource       : HikariPool-1 - Start completed.
2024-05-09 11:27:57.219  INFO 27548 --- [http-nio-8081-exec-3] o.springdoc.api.AbstractOpenApiResource  : Init duration for springdoc-openapi is: 474 ms
2024-05-09 11:28:43.765  INFO 27548 --- [SpringApplicationShutdownHook] com.zaxxer.hikari.HikariDataSource       : HikariPool-1 - Shutdown initiated...
2024-05-09 11:28:43.768  INFO 27548 --- [SpringApplicationShutdownHook] com.zaxxer.hikari.HikariDataSource       : HikariPool-1 - Shutdown completed.
2024-05-09 11:28:43.768  INFO 27548 --- [SpringApplicationShutdownHook] com.zaxxer.hikari.HikariDataSource       : HikariPool-1 - Shutdown initiated...
2024-05-09 11:28:43.770  INFO 27548 --- [SpringApplicationShutdownHook] com.zaxxer.hikari.HikariDataSource       : HikariPool-1 - Shutdown completed.
2024-05-09 11:28:50.696  INFO 11308 --- [main] py.com.kytech.mcs.kytech.Application     : Starting Application using Java 11.0.16.1 on DESKTOP-MC6157D with PID 11308 (C:\Users\Juan Barrios\Documents\repository\mcs-kytech\target\classes started by Juan Barrios in C:\Users\Juan Barrios\Documents\repository\mcs-kytech)
2024-05-09 11:28:50.700 DEBUG 11308 --- [main] py.com.kytech.mcs.kytech.Application     : Running with Spring Boot v2.7.17, Spring v5.3.30
2024-05-09 11:28:50.700  INFO 11308 --- [main] py.com.kytech.mcs.kytech.Application     : No active profile set, falling back to 1 default profile: "default"
2024-05-09 11:28:52.361  INFO 11308 --- [main] .s.d.r.c.RepositoryConfigurationDelegate : Bootstrapping Spring Data JDBC repositories in DEFAULT mode.
2024-05-09 11:28:52.398  INFO 11308 --- [main] .s.d.r.c.RepositoryConfigurationDelegate : Finished Spring Data repository scanning in 30 ms. Found 0 JDBC repository interfaces.
2024-05-09 11:28:53.098  INFO 11308 --- [main] o.s.b.w.embedded.tomcat.TomcatWebServer  : Tomcat initialized with port(s): 8081 (http)
2024-05-09 11:28:53.110  INFO 11308 --- [main] o.apache.catalina.core.StandardService   : Starting service [Tomcat]
2024-05-09 11:28:53.110  INFO 11308 --- [main] org.apache.catalina.core.StandardEngine  : Starting Servlet engine: [Apache Tomcat/9.0.82]
2024-05-09 11:28:53.291  INFO 11308 --- [main] o.a.c.c.C.[.[localhost].[/mcs.kytech]    : Initializing Spring embedded WebApplicationContext
2024-05-09 11:28:53.292  INFO 11308 --- [main] w.s.c.ServletWebServerApplicationContext : Root WebApplicationContext: initialization completed in 2520 ms
2024-05-09 11:28:53.429  INFO 11308 --- [main] com.zaxxer.hikari.HikariDataSource       : HikariPool-1 - Starting...
2024-05-09 11:28:53.618  INFO 11308 --- [main] com.zaxxer.hikari.HikariDataSource       : HikariPool-1 - Start completed.
2024-05-09 11:28:54.138  INFO 11308 --- [main] o.s.b.a.e.web.EndpointLinksResolver      : Exposing 5 endpoint(s) beneath base path '/actuator'
2024-05-09 11:28:55.288  INFO 11308 --- [main] o.s.b.w.embedded.tomcat.TomcatWebServer  : Tomcat started on port(s): 8081 (http) with context path '/mcs.kytech'
2024-05-09 11:28:55.315  INFO 11308 --- [main] py.com.kytech.mcs.kytech.Application     : Started Application in 5.338 seconds (JVM running for 7.629)
2024-05-09 11:28:56.773  INFO 11308 --- [RMI TCP Connection(2)-172.22.176.1] com.zaxxer.hikari.HikariDataSource       : HikariPool-1 - Starting...
2024-05-09 11:28:56.774  INFO 11308 --- [RMI TCP Connection(1)-172.22.176.1] o.a.c.c.C.[.[localhost].[/mcs.kytech]    : Initializing Spring DispatcherServlet 'dispatcherServlet'
2024-05-09 11:28:56.775  INFO 11308 --- [RMI TCP Connection(1)-172.22.176.1] o.s.web.servlet.DispatcherServlet        : Initializing Servlet 'dispatcherServlet'
2024-05-09 11:28:56.778  INFO 11308 --- [RMI TCP Connection(1)-172.22.176.1] o.s.web.servlet.DispatcherServlet        : Completed initialization in 3 ms
2024-05-09 11:28:56.934  INFO 11308 --- [RMI TCP Connection(2)-172.22.176.1] com.zaxxer.hikari.HikariDataSource       : HikariPool-1 - Start completed.
2024-05-09 11:28:58.653  INFO 11308 --- [http-nio-8081-exec-3] o.springdoc.api.AbstractOpenApiResource  : Init duration for springdoc-openapi is: 657 ms
2024-05-09 11:30:20.659 DEBUG 11308 --- [http-nio-8081-exec-3] p.c.k.m.k.s.product.ProductServiceImpl   : logId=bb453db0-266e-471d-b098-91419ab479bd,message=addProduct:Before check AT,data=ProductPostReq{code='0', name='Fanta Guarana 1lt', imageUrl='', userId=null, categoryId=1, unit=1, brandId=1, additionalInfo='', price1=10000, price2=9000, price3=8000, minStock=2, purchasePrice=8000}
2024-05-09 11:30:20.663 DEBUG 11308 --- [http-nio-8081-exec-3] p.c.k.m.k.s.product.ProductServiceImpl   : logId=bb453db0-266e-471d-b098-91419ab479bd,message=addProduct:After check AT,data=true
2024-05-09 11:30:20.682 DEBUG 11308 --- [http-nio-8081-exec-3] p.c.k.m.k.s.product.ProductServiceImpl   : logId=bb453db0-266e-471d-b098-91419ab479bd,message=addProduct:Before add sales prices and purchase,data=11
2024-05-09 11:35:46.580 DEBUG 11308 --- [http-nio-8081-exec-4] p.c.k.m.k.s.product.ProductServiceImpl   : logId=1dca79dc-4505-494e-93ed-392856b3482e,message=addBrand: check AT,data=ProductBrandPostReq(brandName=Samsung)
2024-05-09 11:35:46.584 DEBUG 11308 --- [http-nio-8081-exec-4] p.c.k.m.k.s.product.ProductServiceImpl   : logId=1dca79dc-4505-494e-93ed-392856b3482e,message=addBrand:After check AT,data=true
2024-05-09 11:42:10.550  INFO 11308 --- [SpringApplicationShutdownHook] com.zaxxer.hikari.HikariDataSource       : HikariPool-1 - Shutdown initiated...
2024-05-09 11:42:10.553  INFO 11308 --- [SpringApplicationShutdownHook] com.zaxxer.hikari.HikariDataSource       : HikariPool-1 - Shutdown completed.
2024-05-09 11:42:10.554  INFO 11308 --- [SpringApplicationShutdownHook] com.zaxxer.hikari.HikariDataSource       : HikariPool-1 - Shutdown initiated...
2024-05-09 11:42:10.555  INFO 11308 --- [SpringApplicationShutdownHook] com.zaxxer.hikari.HikariDataSource       : HikariPool-1 - Shutdown completed.
2024-05-09 11:42:17.178  INFO 10928 --- [main] py.com.kytech.mcs.kytech.Application     : Starting Application using Java 11.0.16.1 on DESKTOP-MC6157D with PID 10928 (C:\Users\Juan Barrios\Documents\repository\mcs-kytech\target\classes started by Juan Barrios in C:\Users\Juan Barrios\Documents\repository\mcs-kytech)
2024-05-09 11:42:17.182 DEBUG 10928 --- [main] py.com.kytech.mcs.kytech.Application     : Running with Spring Boot v2.7.17, Spring v5.3.30
2024-05-09 11:42:17.183  INFO 10928 --- [main] py.com.kytech.mcs.kytech.Application     : No active profile set, falling back to 1 default profile: "default"
2024-05-09 11:42:18.778  INFO 10928 --- [main] .s.d.r.c.RepositoryConfigurationDelegate : Bootstrapping Spring Data JDBC repositories in DEFAULT mode.
2024-05-09 11:42:18.817  INFO 10928 --- [main] .s.d.r.c.RepositoryConfigurationDelegate : Finished Spring Data repository scanning in 31 ms. Found 0 JDBC repository interfaces.
2024-05-09 11:42:19.390  INFO 10928 --- [main] o.s.b.w.embedded.tomcat.TomcatWebServer  : Tomcat initialized with port(s): 8081 (http)
2024-05-09 11:42:19.433  INFO 10928 --- [main] o.apache.catalina.core.StandardService   : Starting service [Tomcat]
2024-05-09 11:42:19.433  INFO 10928 --- [main] org.apache.catalina.core.StandardEngine  : Starting Servlet engine: [Apache Tomcat/9.0.82]
2024-05-09 11:42:19.604  INFO 10928 --- [main] o.a.c.c.C.[.[localhost].[/mcs.kytech]    : Initializing Spring embedded WebApplicationContext
2024-05-09 11:42:19.605  INFO 10928 --- [main] w.s.c.ServletWebServerApplicationContext : Root WebApplicationContext: initialization completed in 2355 ms
2024-05-09 11:42:19.742  INFO 10928 --- [main] com.zaxxer.hikari.HikariDataSource       : HikariPool-1 - Starting...
2024-05-09 11:42:19.965  INFO 10928 --- [main] com.zaxxer.hikari.HikariDataSource       : HikariPool-1 - Start completed.
2024-05-09 11:42:20.457  INFO 10928 --- [main] o.s.b.a.e.web.EndpointLinksResolver      : Exposing 5 endpoint(s) beneath base path '/actuator'
2024-05-09 11:42:21.561  INFO 10928 --- [main] o.s.b.w.embedded.tomcat.TomcatWebServer  : Tomcat started on port(s): 8081 (http) with context path '/mcs.kytech'
2024-05-09 11:42:21.581  INFO 10928 --- [main] py.com.kytech.mcs.kytech.Application     : Started Application in 5.114 seconds (JVM running for 7.408)
2024-05-09 11:42:24.179  INFO 10928 --- [RMI TCP Connection(3)-172.22.176.1] com.zaxxer.hikari.HikariDataSource       : HikariPool-1 - Starting...
2024-05-09 11:42:24.181  INFO 10928 --- [RMI TCP Connection(2)-172.22.176.1] o.a.c.c.C.[.[localhost].[/mcs.kytech]    : Initializing Spring DispatcherServlet 'dispatcherServlet'
2024-05-09 11:42:24.181  INFO 10928 --- [RMI TCP Connection(2)-172.22.176.1] o.s.web.servlet.DispatcherServlet        : Initializing Servlet 'dispatcherServlet'
2024-05-09 11:42:24.184  INFO 10928 --- [RMI TCP Connection(2)-172.22.176.1] o.s.web.servlet.DispatcherServlet        : Completed initialization in 2 ms
2024-05-09 11:42:24.297  INFO 10928 --- [RMI TCP Connection(3)-172.22.176.1] com.zaxxer.hikari.HikariDataSource       : HikariPool-1 - Start completed.
2024-05-09 11:43:00.794  INFO 10928 --- [http-nio-8081-exec-3] o.springdoc.api.AbstractOpenApiResource  : Init duration for springdoc-openapi is: 649 ms
2024-05-09 11:45:09.333  INFO 10928 --- [SpringApplicationShutdownHook] com.zaxxer.hikari.HikariDataSource       : HikariPool-1 - Shutdown initiated...
2024-05-09 11:45:09.336  INFO 10928 --- [SpringApplicationShutdownHook] com.zaxxer.hikari.HikariDataSource       : HikariPool-1 - Shutdown completed.
2024-05-09 11:45:09.337  INFO 10928 --- [SpringApplicationShutdownHook] com.zaxxer.hikari.HikariDataSource       : HikariPool-1 - Shutdown initiated...
2024-05-09 11:45:09.339  INFO 10928 --- [SpringApplicationShutdownHook] com.zaxxer.hikari.HikariDataSource       : HikariPool-1 - Shutdown completed.
2024-05-09 11:45:16.837  INFO 12236 --- [main] py.com.kytech.mcs.kytech.Application     : Starting Application using Java 11.0.16.1 on DESKTOP-MC6157D with PID 12236 (C:\Users\Juan Barrios\Documents\repository\mcs-kytech\target\classes started by Juan Barrios in C:\Users\Juan Barrios\Documents\repository\mcs-kytech)
2024-05-09 11:45:16.840 DEBUG 12236 --- [main] py.com.kytech.mcs.kytech.Application     : Running with Spring Boot v2.7.17, Spring v5.3.30
2024-05-09 11:45:16.841  INFO 12236 --- [main] py.com.kytech.mcs.kytech.Application     : No active profile set, falling back to 1 default profile: "default"
2024-05-09 11:45:18.582  INFO 12236 --- [main] .s.d.r.c.RepositoryConfigurationDelegate : Bootstrapping Spring Data JDBC repositories in DEFAULT mode.
2024-05-09 11:45:18.617  INFO 12236 --- [main] .s.d.r.c.RepositoryConfigurationDelegate : Finished Spring Data repository scanning in 27 ms. Found 0 JDBC repository interfaces.
2024-05-09 11:45:19.293  INFO 12236 --- [main] o.s.b.w.embedded.tomcat.TomcatWebServer  : Tomcat initialized with port(s): 8081 (http)
2024-05-09 11:45:19.307  INFO 12236 --- [main] o.apache.catalina.core.StandardService   : Starting service [Tomcat]
2024-05-09 11:45:19.307  INFO 12236 --- [main] org.apache.catalina.core.StandardEngine  : Starting Servlet engine: [Apache Tomcat/9.0.82]
2024-05-09 11:45:19.478  INFO 12236 --- [main] o.a.c.c.C.[.[localhost].[/mcs.kytech]    : Initializing Spring embedded WebApplicationContext
2024-05-09 11:45:19.478  INFO 12236 --- [main] w.s.c.ServletWebServerApplicationContext : Root WebApplicationContext: initialization completed in 2569 ms
2024-05-09 11:45:19.621  INFO 12236 --- [main] com.zaxxer.hikari.HikariDataSource       : HikariPool-1 - Starting...
2024-05-09 11:45:19.843  INFO 12236 --- [main] com.zaxxer.hikari.HikariDataSource       : HikariPool-1 - Start completed.
2024-05-09 11:45:20.456  INFO 12236 --- [main] o.s.b.a.e.web.EndpointLinksResolver      : Exposing 5 endpoint(s) beneath base path '/actuator'
2024-05-09 11:45:22.028  INFO 12236 --- [main] o.s.b.w.embedded.tomcat.TomcatWebServer  : Tomcat started on port(s): 8081 (http) with context path '/mcs.kytech'
2024-05-09 11:45:22.059  INFO 12236 --- [main] py.com.kytech.mcs.kytech.Application     : Started Application in 5.997 seconds (JVM running for 8.476)
2024-05-09 11:45:23.525  INFO 12236 --- [RMI TCP Connection(2)-172.22.176.1] com.zaxxer.hikari.HikariDataSource       : HikariPool-1 - Starting...
2024-05-09 11:45:23.527  INFO 12236 --- [RMI TCP Connection(1)-172.22.176.1] o.a.c.c.C.[.[localhost].[/mcs.kytech]    : Initializing Spring DispatcherServlet 'dispatcherServlet'
2024-05-09 11:45:23.527  INFO 12236 --- [RMI TCP Connection(1)-172.22.176.1] o.s.web.servlet.DispatcherServlet        : Initializing Servlet 'dispatcherServlet'
2024-05-09 11:45:23.530  INFO 12236 --- [RMI TCP Connection(1)-172.22.176.1] o.s.web.servlet.DispatcherServlet        : Completed initialization in 3 ms
2024-05-09 11:45:23.656  INFO 12236 --- [RMI TCP Connection(2)-172.22.176.1] com.zaxxer.hikari.HikariDataSource       : HikariPool-1 - Start completed.
2024-05-09 11:46:24.118  INFO 12236 --- [http-nio-8081-exec-3] o.springdoc.api.AbstractOpenApiResource  : Init duration for springdoc-openapi is: 472 ms
2024-05-09 14:29:12.099  WARN 12236 --- [HikariPool-1 housekeeper] com.zaxxer.hikari.pool.HikariPool        : HikariPool-1 - Thread starvation or clock leap detected (housekeeper delta=1h57m51s353ms745µs100ns).
2024-05-09 14:29:15.978  WARN 12236 --- [HikariPool-1 housekeeper] com.zaxxer.hikari.pool.HikariPool        : HikariPool-1 - Thread starvation or clock leap detected (housekeeper delta=1h57m51s338ms416µs400ns).
2024-05-09 14:32:39.775  WARN 12236 --- [http-nio-8081-exec-8] p.c.k.m.kytech.config.InterceptorConfig  : logId=no-log-id,message=Canal incorrecto!,data=null
2024-05-09 14:32:39.847 ERROR 12236 --- [http-nio-8081-exec-8] o.a.c.c.C.[.[.[.k.[dispatcherServlet]    : Servlet.service() for servlet [dispatcherServlet] in context with path [/mcs.kytech] threw exception [Request processing failed; nested exception is py.com.kytech.mcs.kytech.exceptions.KyTechException: Solicitud no autorizada] with root cause

py.com.kytech.mcs.kytech.exceptions.KyTechException: Solicitud no autorizada
	at py.com.kytech.mcs.kytech.config.InterceptorConfig.preHandle(InterceptorConfig.java:38) ~[classes/:na]
	at org.springframework.web.servlet.HandlerExecutionChain.applyPreHandle(HandlerExecutionChain.java:148) ~[spring-webmvc-5.3.30.jar:5.3.30]
	at org.springframework.web.servlet.DispatcherServlet.doDispatch(DispatcherServlet.java:1067) ~[spring-webmvc-5.3.30.jar:5.3.30]
	at org.springframework.web.servlet.DispatcherServlet.doService(DispatcherServlet.java:965) ~[spring-webmvc-5.3.30.jar:5.3.30]
	at org.springframework.web.servlet.FrameworkServlet.processRequest(FrameworkServlet.java:1006) ~[spring-webmvc-5.3.30.jar:5.3.30]
	at org.springframework.web.servlet.FrameworkServlet.doGet(FrameworkServlet.java:898) ~[spring-webmvc-5.3.30.jar:5.3.30]
	at javax.servlet.http.HttpServlet.service(HttpServlet.java:529) ~[tomcat-embed-core-9.0.82.jar:4.0.FR]
	at org.springframework.web.servlet.FrameworkServlet.service(FrameworkServlet.java:883) ~[spring-webmvc-5.3.30.jar:5.3.30]
	at javax.servlet.http.HttpServlet.service(HttpServlet.java:623) ~[tomcat-embed-core-9.0.82.jar:4.0.FR]
	at org.apache.catalina.core.ApplicationFilterChain.internalDoFilter(ApplicationFilterChain.java:209) ~[tomcat-embed-core-9.0.82.jar:9.0.82]
	at org.apache.catalina.core.ApplicationFilterChain.doFilter(ApplicationFilterChain.java:153) ~[tomcat-embed-core-9.0.82.jar:9.0.82]
	at org.apache.tomcat.websocket.server.WsFilter.doFilter(WsFilter.java:51) ~[tomcat-embed-websocket-9.0.82.jar:9.0.82]
	at org.apache.catalina.core.ApplicationFilterChain.internalDoFilter(ApplicationFilterChain.java:178) ~[tomcat-embed-core-9.0.82.jar:9.0.82]
	at org.apache.catalina.core.ApplicationFilterChain.doFilter(ApplicationFilterChain.java:153) ~[tomcat-embed-core-9.0.82.jar:9.0.82]
	at org.springframework.web.filter.RequestContextFilter.doFilterInternal(RequestContextFilter.java:100) ~[spring-web-5.3.30.jar:5.3.30]
	at org.springframework.web.filter.OncePerRequestFilter.doFilter(OncePerRequestFilter.java:117) ~[spring-web-5.3.30.jar:5.3.30]
	at org.apache.catalina.core.ApplicationFilterChain.internalDoFilter(ApplicationFilterChain.java:178) ~[tomcat-embed-core-9.0.82.jar:9.0.82]
	at org.apache.catalina.core.ApplicationFilterChain.doFilter(ApplicationFilterChain.java:153) ~[tomcat-embed-core-9.0.82.jar:9.0.82]
	at org.springframework.web.filter.FormContentFilter.doFilterInternal(FormContentFilter.java:93) ~[spring-web-5.3.30.jar:5.3.30]
	at org.springframework.web.filter.OncePerRequestFilter.doFilter(OncePerRequestFilter.java:117) ~[spring-web-5.3.30.jar:5.3.30]
	at org.apache.catalina.core.ApplicationFilterChain.internalDoFilter(ApplicationFilterChain.java:178) ~[tomcat-embed-core-9.0.82.jar:9.0.82]
	at org.apache.catalina.core.ApplicationFilterChain.doFilter(ApplicationFilterChain.java:153) ~[tomcat-embed-core-9.0.82.jar:9.0.82]
	at org.springframework.boot.actuate.metrics.web.servlet.WebMvcMetricsFilter.doFilterInternal(WebMvcMetricsFilter.java:96) ~[spring-boot-actuator-2.7.17.jar:2.7.17]
	at org.springframework.web.filter.OncePerRequestFilter.doFilter(OncePerRequestFilter.java:117) ~[spring-web-5.3.30.jar:5.3.30]
	at org.apache.catalina.core.ApplicationFilterChain.internalDoFilter(ApplicationFilterChain.java:178) ~[tomcat-embed-core-9.0.82.jar:9.0.82]
	at org.apache.catalina.core.ApplicationFilterChain.doFilter(ApplicationFilterChain.java:153) ~[tomcat-embed-core-9.0.82.jar:9.0.82]
	at org.springframework.web.filter.CharacterEncodingFilter.doFilterInternal(CharacterEncodingFilter.java:201) ~[spring-web-5.3.30.jar:5.3.30]
	at org.springframework.web.filter.OncePerRequestFilter.doFilter(OncePerRequestFilter.java:117) ~[spring-web-5.3.30.jar:5.3.30]
	at org.apache.catalina.core.ApplicationFilterChain.internalDoFilter(ApplicationFilterChain.java:178) ~[tomcat-embed-core-9.0.82.jar:9.0.82]
	at org.apache.catalina.core.ApplicationFilterChain.doFilter(ApplicationFilterChain.java:153) ~[tomcat-embed-core-9.0.82.jar:9.0.82]
	at org.apache.catalina.core.StandardWrapperValve.invoke(StandardWrapperValve.java:168) ~[tomcat-embed-core-9.0.82.jar:9.0.82]
	at org.apache.catalina.core.StandardContextValve.invoke(StandardContextValve.java:90) ~[tomcat-embed-core-9.0.82.jar:9.0.82]
	at org.apache.catalina.authenticator.AuthenticatorBase.invoke(AuthenticatorBase.java:481) ~[tomcat-embed-core-9.0.82.jar:9.0.82]
	at org.apache.catalina.core.StandardHostValve.invoke(StandardHostValve.java:130) ~[tomcat-embed-core-9.0.82.jar:9.0.82]
	at org.apache.catalina.valves.ErrorReportValve.invoke(ErrorReportValve.java:93) ~[tomcat-embed-core-9.0.82.jar:9.0.82]
	at org.apache.catalina.core.StandardEngineValve.invoke(StandardEngineValve.java:74) ~[tomcat-embed-core-9.0.82.jar:9.0.82]
	at org.apache.catalina.connector.CoyoteAdapter.service(CoyoteAdapter.java:342) ~[tomcat-embed-core-9.0.82.jar:9.0.82]
	at org.apache.coyote.http11.Http11Processor.service(Http11Processor.java:390) ~[tomcat-embed-core-9.0.82.jar:9.0.82]
	at org.apache.coyote.AbstractProcessorLight.process(AbstractProcessorLight.java:63) ~[tomcat-embed-core-9.0.82.jar:9.0.82]
	at org.apache.coyote.AbstractProtocol$ConnectionHandler.process(AbstractProtocol.java:928) ~[tomcat-embed-core-9.0.82.jar:9.0.82]
	at org.apache.tomcat.util.net.NioEndpoint$SocketProcessor.doRun(NioEndpoint.java:1794) ~[tomcat-embed-core-9.0.82.jar:9.0.82]
	at org.apache.tomcat.util.net.SocketProcessorBase.run(SocketProcessorBase.java:52) ~[tomcat-embed-core-9.0.82.jar:9.0.82]
	at org.apache.tomcat.util.threads.ThreadPoolExecutor.runWorker(ThreadPoolExecutor.java:1191) ~[tomcat-embed-core-9.0.82.jar:9.0.82]
	at org.apache.tomcat.util.threads.ThreadPoolExecutor$Worker.run(ThreadPoolExecutor.java:659) ~[tomcat-embed-core-9.0.82.jar:9.0.82]
	at org.apache.tomcat.util.threads.TaskThread$WrappingRunnable.run(TaskThread.java:61) ~[tomcat-embed-core-9.0.82.jar:9.0.82]
	at java.base/java.lang.Thread.run(Thread.java:829) ~[na:na]

2024-05-09 14:32:39.866  WARN 12236 --- [http-nio-8081-exec-8] p.c.k.m.kytech.config.InterceptorConfig  : logId=no-log-id,message=Canal incorrecto!,data=null
2024-05-09 14:32:45.366  WARN 12236 --- [http-nio-8081-exec-1] p.c.k.m.kytech.config.InterceptorConfig  : logId=no-log-id,message=Canal incorrecto!,data=null
2024-05-09 14:32:45.368 ERROR 12236 --- [http-nio-8081-exec-1] o.a.c.c.C.[.[.[.k.[dispatcherServlet]    : Servlet.service() for servlet [dispatcherServlet] in context with path [/mcs.kytech] threw exception [Request processing failed; nested exception is py.com.kytech.mcs.kytech.exceptions.KyTechException: Solicitud no autorizada] with root cause

py.com.kytech.mcs.kytech.exceptions.KyTechException: Solicitud no autorizada
	at py.com.kytech.mcs.kytech.config.InterceptorConfig.preHandle(InterceptorConfig.java:38) ~[classes/:na]
	at org.springframework.web.servlet.HandlerExecutionChain.applyPreHandle(HandlerExecutionChain.java:148) ~[spring-webmvc-5.3.30.jar:5.3.30]
	at org.springframework.web.servlet.DispatcherServlet.doDispatch(DispatcherServlet.java:1067) ~[spring-webmvc-5.3.30.jar:5.3.30]
	at org.springframework.web.servlet.DispatcherServlet.doService(DispatcherServlet.java:965) ~[spring-webmvc-5.3.30.jar:5.3.30]
	at org.springframework.web.servlet.FrameworkServlet.processRequest(FrameworkServlet.java:1006) ~[spring-webmvc-5.3.30.jar:5.3.30]
	at org.springframework.web.servlet.FrameworkServlet.doGet(FrameworkServlet.java:898) ~[spring-webmvc-5.3.30.jar:5.3.30]
	at javax.servlet.http.HttpServlet.service(HttpServlet.java:529) ~[tomcat-embed-core-9.0.82.jar:4.0.FR]
	at org.springframework.web.servlet.FrameworkServlet.service(FrameworkServlet.java:883) ~[spring-webmvc-5.3.30.jar:5.3.30]
	at javax.servlet.http.HttpServlet.service(HttpServlet.java:623) ~[tomcat-embed-core-9.0.82.jar:4.0.FR]
	at org.apache.catalina.core.ApplicationFilterChain.internalDoFilter(ApplicationFilterChain.java:209) ~[tomcat-embed-core-9.0.82.jar:9.0.82]
	at org.apache.catalina.core.ApplicationFilterChain.doFilter(ApplicationFilterChain.java:153) ~[tomcat-embed-core-9.0.82.jar:9.0.82]
	at org.apache.tomcat.websocket.server.WsFilter.doFilter(WsFilter.java:51) ~[tomcat-embed-websocket-9.0.82.jar:9.0.82]
	at org.apache.catalina.core.ApplicationFilterChain.internalDoFilter(ApplicationFilterChain.java:178) ~[tomcat-embed-core-9.0.82.jar:9.0.82]
	at org.apache.catalina.core.ApplicationFilterChain.doFilter(ApplicationFilterChain.java:153) ~[tomcat-embed-core-9.0.82.jar:9.0.82]
	at org.springframework.web.filter.RequestContextFilter.doFilterInternal(RequestContextFilter.java:100) ~[spring-web-5.3.30.jar:5.3.30]
	at org.springframework.web.filter.OncePerRequestFilter.doFilter(OncePerRequestFilter.java:117) ~[spring-web-5.3.30.jar:5.3.30]
	at org.apache.catalina.core.ApplicationFilterChain.internalDoFilter(ApplicationFilterChain.java:178) ~[tomcat-embed-core-9.0.82.jar:9.0.82]
	at org.apache.catalina.core.ApplicationFilterChain.doFilter(ApplicationFilterChain.java:153) ~[tomcat-embed-core-9.0.82.jar:9.0.82]
	at org.springframework.web.filter.FormContentFilter.doFilterInternal(FormContentFilter.java:93) ~[spring-web-5.3.30.jar:5.3.30]
	at org.springframework.web.filter.OncePerRequestFilter.doFilter(OncePerRequestFilter.java:117) ~[spring-web-5.3.30.jar:5.3.30]
	at org.apache.catalina.core.ApplicationFilterChain.internalDoFilter(ApplicationFilterChain.java:178) ~[tomcat-embed-core-9.0.82.jar:9.0.82]
	at org.apache.catalina.core.ApplicationFilterChain.doFilter(ApplicationFilterChain.java:153) ~[tomcat-embed-core-9.0.82.jar:9.0.82]
	at org.springframework.boot.actuate.metrics.web.servlet.WebMvcMetricsFilter.doFilterInternal(WebMvcMetricsFilter.java:96) ~[spring-boot-actuator-2.7.17.jar:2.7.17]
	at org.springframework.web.filter.OncePerRequestFilter.doFilter(OncePerRequestFilter.java:117) ~[spring-web-5.3.30.jar:5.3.30]
	at org.apache.catalina.core.ApplicationFilterChain.internalDoFilter(ApplicationFilterChain.java:178) ~[tomcat-embed-core-9.0.82.jar:9.0.82]
	at org.apache.catalina.core.ApplicationFilterChain.doFilter(ApplicationFilterChain.java:153) ~[tomcat-embed-core-9.0.82.jar:9.0.82]
	at org.springframework.web.filter.CharacterEncodingFilter.doFilterInternal(CharacterEncodingFilter.java:201) ~[spring-web-5.3.30.jar:5.3.30]
	at org.springframework.web.filter.OncePerRequestFilter.doFilter(OncePerRequestFilter.java:117) ~[spring-web-5.3.30.jar:5.3.30]
	at org.apache.catalina.core.ApplicationFilterChain.internalDoFilter(ApplicationFilterChain.java:178) ~[tomcat-embed-core-9.0.82.jar:9.0.82]
	at org.apache.catalina.core.ApplicationFilterChain.doFilter(ApplicationFilterChain.java:153) ~[tomcat-embed-core-9.0.82.jar:9.0.82]
	at org.apache.catalina.core.StandardWrapperValve.invoke(StandardWrapperValve.java:168) ~[tomcat-embed-core-9.0.82.jar:9.0.82]
	at org.apache.catalina.core.StandardContextValve.invoke(StandardContextValve.java:90) ~[tomcat-embed-core-9.0.82.jar:9.0.82]
	at org.apache.catalina.authenticator.AuthenticatorBase.invoke(AuthenticatorBase.java:481) ~[tomcat-embed-core-9.0.82.jar:9.0.82]
	at org.apache.catalina.core.StandardHostValve.invoke(StandardHostValve.java:130) ~[tomcat-embed-core-9.0.82.jar:9.0.82]
	at org.apache.catalina.valves.ErrorReportValve.invoke(ErrorReportValve.java:93) ~[tomcat-embed-core-9.0.82.jar:9.0.82]
	at org.apache.catalina.core.StandardEngineValve.invoke(StandardEngineValve.java:74) ~[tomcat-embed-core-9.0.82.jar:9.0.82]
	at org.apache.catalina.connector.CoyoteAdapter.service(CoyoteAdapter.java:342) ~[tomcat-embed-core-9.0.82.jar:9.0.82]
	at org.apache.coyote.http11.Http11Processor.service(Http11Processor.java:390) ~[tomcat-embed-core-9.0.82.jar:9.0.82]
	at org.apache.coyote.AbstractProcessorLight.process(AbstractProcessorLight.java:63) ~[tomcat-embed-core-9.0.82.jar:9.0.82]
	at org.apache.coyote.AbstractProtocol$ConnectionHandler.process(AbstractProtocol.java:928) ~[tomcat-embed-core-9.0.82.jar:9.0.82]
	at org.apache.tomcat.util.net.NioEndpoint$SocketProcessor.doRun(NioEndpoint.java:1794) ~[tomcat-embed-core-9.0.82.jar:9.0.82]
	at org.apache.tomcat.util.net.SocketProcessorBase.run(SocketProcessorBase.java:52) ~[tomcat-embed-core-9.0.82.jar:9.0.82]
	at org.apache.tomcat.util.threads.ThreadPoolExecutor.runWorker(ThreadPoolExecutor.java:1191) ~[tomcat-embed-core-9.0.82.jar:9.0.82]
	at org.apache.tomcat.util.threads.ThreadPoolExecutor$Worker.run(ThreadPoolExecutor.java:659) ~[tomcat-embed-core-9.0.82.jar:9.0.82]
	at org.apache.tomcat.util.threads.TaskThread$WrappingRunnable.run(TaskThread.java:61) ~[tomcat-embed-core-9.0.82.jar:9.0.82]
	at java.base/java.lang.Thread.run(Thread.java:829) ~[na:na]

2024-05-09 14:32:45.371  WARN 12236 --- [http-nio-8081-exec-1] p.c.k.m.kytech.config.InterceptorConfig  : logId=no-log-id,message=Canal incorrecto!,data=null
2024-05-09 14:42:11.549 DEBUG 12236 --- [http-nio-8081-exec-3] p.c.k.m.k.s.product.ProductServiceImpl   : logId=71854a91-3c36-45fd-9803-e6c23f07abb6,message=addProduct:Before check AT,data=ProductPostReq{code='0', name='Samsung S20 plus', imageUrl='', userId=null, categoryId=5, unit=1, brandId=7, additionalInfo='', price1=2800000, price2=2600000, price3=null, minStock=5, purchasePrice=2500000}
2024-05-09 14:42:11.554 DEBUG 12236 --- [http-nio-8081-exec-3] p.c.k.m.k.s.product.ProductServiceImpl   : logId=71854a91-3c36-45fd-9803-e6c23f07abb6,message=addProduct:After check AT,data=true
2024-05-09 14:42:11.595 DEBUG 12236 --- [http-nio-8081-exec-3] p.c.k.m.k.s.product.ProductServiceImpl   : logId=71854a91-3c36-45fd-9803-e6c23f07abb6,message=addProduct:Before add sales prices and purchase,data=12
2024-05-09 14:46:57.214  INFO 12236 --- [http-nio-8081-exec-3] p.c.k.m.kytech.service.AuthServiceImpl   : logId=369e508f-5520-4b41-96a2-5ee1228f8fac,message=login: Starting login document=,data=5436554
2024-05-09 14:46:57.214 DEBUG 12236 --- [http-nio-8081-exec-3] p.c.k.m.kytech.service.AuthServiceImpl   : logId=369e508f-5520-4b41-96a2-5ee1228f8fac,message=login: Before getting user with document,data=5436554
2024-05-09 14:46:57.262 DEBUG 12236 --- [http-nio-8081-exec-3] p.c.k.m.kytech.service.AuthServiceImpl   : logId=369e508f-5520-4b41-96a2-5ee1228f8fac,message=login: After getting user with document,data=UserDTO{id=1, name='Juan Marcelo', document='5436554', birthDate=1999-06-24, lastName='Barrios Rivas', role='admin', isActive='S'}
2024-05-09 14:46:57.449 DEBUG 12236 --- [http-nio-8081-exec-3] p.c.k.m.kytech.service.AuthServiceImpl   : logId=369e508f-5520-4b41-96a2-5ee1228f8fac,message=login: Before generating jwt,data=false
2024-05-09 14:46:57.511  INFO 12236 --- [http-nio-8081-exec-3] p.c.k.m.kytech.service.AuthServiceImpl   : logId=369e508f-5520-4b41-96a2-5ee1228f8fac,message=login: After generating jwt,data=true
2024-05-09 15:39:11.308  INFO 12236 --- [SpringApplicationShutdownHook] com.zaxxer.hikari.HikariDataSource       : HikariPool-1 - Shutdown initiated...
2024-05-09 15:39:11.374  INFO 12236 --- [SpringApplicationShutdownHook] com.zaxxer.hikari.HikariDataSource       : HikariPool-1 - Shutdown completed.
2024-05-09 15:39:11.375  INFO 12236 --- [SpringApplicationShutdownHook] com.zaxxer.hikari.HikariDataSource       : HikariPool-1 - Shutdown initiated...
2024-05-09 15:39:11.378  INFO 12236 --- [SpringApplicationShutdownHook] com.zaxxer.hikari.HikariDataSource       : HikariPool-1 - Shutdown completed.
